11-29 22:59:11 com_github_MitjaNemec_ReplicateLayout.action_replicate_layout 392:Plugin executed on: 'linux'
11-29 22:59:11 com_github_MitjaNemec_ReplicateLayout.action_replicate_layout 393:Plugin executed with python version: '3.12.6 (main, Sep  6 2024, 19:03:47) [GCC 13.3.0]'
11-29 22:59:11 com_github_MitjaNemec_ReplicateLayout.action_replicate_layout 394:KiCad build version: 8.0.5
11-29 22:59:11 com_github_MitjaNemec_ReplicateLayout.action_replicate_layout 395:Plugin version: 3.0.3
11-29 22:59:11 com_github_MitjaNemec_ReplicateLayout.action_replicate_layout 396:Frame repr: <wx._core.Frame object at 0x7fc08aed9250>
11-29 22:59:11 com_github_MitjaNemec_ReplicateLayout.action_replicate_layout 420:Preparing replicator with U5 as a reference
11-29 22:59:11 com_github_MitjaNemec_ReplicateLayout.replicate_layout 117:getting a list of all footprints on board
11-29 22:59:11 com_github_MitjaNemec_ReplicateLayout.action_replicate_layout 468:source anchor footprint is 'U5'
Located on: ['ADC']
With filenames: ['ADC.kicad_sch']
With sheet_id:['ADC']
11-29 22:59:11 com_github_MitjaNemec_ReplicateLayout.action_replicate_layout 475:Corresponding footprints are 
[('U7', ['ADC1']), ('U12', ['ADC3']), ('U13', ['ADC4']), ('U5', ['ADC']), ('U9', ['ADC2'])]
11-29 22:59:11 com_github_MitjaNemec_ReplicateLayout.action_replicate_layout 487:Showing dialog
11-29 22:59:11 com_github_MitjaNemec_ReplicateLayout.replicate_layout 472:constructing a list of sheets suitable for replication on level:'ADC', file:'ADC.kicad_sch'
11-29 22:59:11 com_github_MitjaNemec_ReplicateLayout.replicate_layout 509:suitable sheets are:[['ADC1'], ['ADC2'], ['ADC3'], ['ADC4']]
11-29 22:59:12 com_github_MitjaNemec_ReplicateLayout.replicate_layout 1507:Level selected: ['ADC']
11-29 22:59:12 com_github_MitjaNemec_ReplicateLayout.replicate_layout 1331:Filtering list of tracks
11-29 22:59:12 com_github_MitjaNemec_ReplicateLayout.action_replicate_layout 493:Toolbar position: wx.Point(1886, 98)
11-29 22:59:12 com_github_MitjaNemec_ReplicateLayout.action_replicate_layout 498:Dialog position: wx.Point(1447, 98)
11-29 22:59:27 com_github_MitjaNemec_ReplicateLayout.replicate_layout 472:constructing a list of sheets suitable for replication on level:'ADC', file:'ADC.kicad_sch'
11-29 22:59:27 com_github_MitjaNemec_ReplicateLayout.replicate_layout 509:suitable sheets are:[['ADC1'], ['ADC2'], ['ADC3'], ['ADC4']]
11-29 22:59:27 com_github_MitjaNemec_ReplicateLayout.replicate_layout 1507:Level selected: ['ADC']
11-29 22:59:27 com_github_MitjaNemec_ReplicateLayout.replicate_layout 1331:Filtering list of tracks
11-29 22:59:30 com_github_MitjaNemec_ReplicateLayout.replicate_layout 472:constructing a list of sheets suitable for replication on level:'ADC', file:'ADC.kicad_sch'
11-29 22:59:30 com_github_MitjaNemec_ReplicateLayout.replicate_layout 509:suitable sheets are:[['ADC1'], ['ADC2'], ['ADC3'], ['ADC4']]
11-29 22:59:31 com_github_MitjaNemec_ReplicateLayout.replicate_layout 1507:Level selected: ['ADC']
11-29 22:59:31 com_github_MitjaNemec_ReplicateLayout.replicate_layout 1331:Filtering list of tracks
11-29 22:59:43 com_github_MitjaNemec_ReplicateLayout.action_replicate_layout 321:User canceled the dialog
